ERROR: /usr/local/google/home/abeyad/dev/envoy/contrib/hyperscan/matching/input_matchers/source/BUILD:21:12: Foreign Cc - CMake: Building hyperscan failed: (Exit 1): linux-sandbox failed: error executing command
  (cd /tmp/envoy-compdb/_bazel_abeyad/b3914d36ee2d69a6c5998cfece95c54a/sandbox/linux-sandbox/3/execroot/envoy && \
  exec env - \
    BAZEL_COMPILER=clang \
    BAZEL_LINKLIBS=-l%:libstdc++.a \
    BAZEL_LINKOPTS=-lm \
    CC=clang \
    CXX=clang++ \
    LLVM_CONFIG=/usr/bin/llvm-config \
    PATH=/usr/lib/llvm-13/bin:/usr/local/google/home/abeyad/dev/depot_tools:/usr/local/bin:/usr/local/google/home/abeyad/dev/depot_tools:/usr/local/bin:/usr/local/google/home/abeyad/dev/depot_tools:/usr/local/bin:/usr/local/google/home/abeyad/dev/depot_tools:/usr/local/bin:/usr/local/google/home/abeyad/dev/depot_tools:/usr/local/bin:/usr/local/google/home/abeyad/dev/depot_tools:/usr/local/bin:/usr/local/google/home/abeyad/dev/depot_tools:/usr/local/bin:/usr/local/google/home/abeyad/dev/depot_tools:/usr/local/bin:/usr/lib/google-golang/bin:/usr/local/buildtools/java/jdk/bin:/usr/local/sbin:/usr/local/bin:/usr/sbin:/usr/bin:/sbin:/bin:/usr/local/google/home/abeyad/go/bin:/usr/local/google/home/abeyad/go/bin:/usr/local/google/home/abeyad/go/bin:/usr/local/google/home/abeyad/go/bin:/usr/local/google/home/abeyad/go/bin:/usr/local/google/home/abeyad/go/bin:/usr/local/google/home/abeyad/go/bin:/usr/local/google/home/abeyad/go/bin \
    TMPDIR=/tmp \
  /tmp/envoy-compdb/_bazel_abeyad/install/105cdae8e95eaae9b55d5e684bad8944/linux-sandbox -t 15 -w /tmp/envoy-compdb/_bazel_abeyad/b3914d36ee2d69a6c5998cfece95c54a/sandbox/linux-sandbox/3/execroot/envoy -w /tmp -w /dev/shm -M /tmp/envoy-compdb/_bazel_abeyad/b3914d36ee2d69a6c5998cfece95c54a -N -D -- /bin/bash -c bazel-out/k8-fastbuild/bin/contrib/hyperscan/matching/input_matchers/source/hyperscan_foreign_cc/wrapper_build_script.sh)
1656376445.434178250: src/main/tools/linux-sandbox.cc:152: calling pipe(2)...
1656376445.434826860: src/main/tools/linux-sandbox.cc:171: calling clone(2)...
1656376445.436294990: src/main/tools/linux-sandbox.cc:180: linux-sandbox-pid1 has PID 1671960
1656376445.436346990: src/main/tools/linux-sandbox-pid1.cc:641: Pid1Main started
1656376445.436500500: src/main/tools/linux-sandbox.cc:197: done manipulating pipes
1656376445.436610530: src/main/tools/linux-sandbox-pid1.cc:260: working dir: /tmp/envoy-compdb/_bazel_abeyad/b3914d36ee2d69a6c5998cfece95c54a/sandbox/linux-sandbox/3/execroot/envoy
1656376445.436652990: src/main/tools/linux-sandbox-pid1.cc:284: bind mount: /tmp/envoy-compdb/_bazel_abeyad/b3914d36ee2d69a6c5998cfece95c54a -> /tmp/envoy-compdb/_bazel_abeyad/b3914d36ee2d69a6c5998cfece95c54a
1656376445.436664780: src/main/tools/linux-sandbox-pid1.cc:292: writable: /tmp/envoy-compdb/_bazel_abeyad/b3914d36ee2d69a6c5998cfece95c54a/sandbox/linux-sandbox/3/execroot/envoy
1656376445.436674090: src/main/tools/linux-sandbox-pid1.cc:292: writable: /tmp
1656376445.436693550: src/main/tools/linux-sandbox-pid1.cc:292: writable: /dev/shm
1656376445.436767860: src/main/tools/linux-sandbox-pid1.cc:362: remount ro: /
1656376445.436784110: src/main/tools/linux-sandbox-pid1.cc:362: remount ro: /dev
1656376445.436791110: src/main/tools/linux-sandbox-pid1.cc:362: remount ro: /dev/pts
1656376445.436798200: src/main/tools/linux-sandbox-pid1.cc:362: remount rw: /dev/shm
1656376445.436803410: src/main/tools/linux-sandbox-pid1.cc:362: remount ro: /dev/mqueue
1656376445.436813710: src/main/tools/linux-sandbox-pid1.cc:362: remount ro: /dev/hugepages
1656376445.436820560: src/main/tools/linux-sandbox-pid1.cc:362: remount ro: /run
1656376445.436828900: src/main/tools/linux-sandbox-pid1.cc:362: remount ro: /run/lock
1656376445.436840670: src/main/tools/linux-sandbox-pid1.cc:362: remount ro: /run/credentials/systemd-sysusers.service
1656376445.436846940: src/main/tools/linux-sandbox-pid1.cc:362: remount ro: /run/rpc_pipefs
1656376445.436858370: src/main/tools/linux-sandbox-pid1.cc:362: remount ro: /run/user/491437
1656376445.436871090: src/main/tools/linux-sandbox-pid1.cc:362: remount ro: /run/user/491437/gvfs
1656376445.436908320: src/main/tools/linux-sandbox-pid1.cc:362: remount ro: /run/user/491437/doc
1656376445.437042570: src/main/tools/linux-sandbox-pid1.cc:362: remount ro: /sys
1656376445.437052520: src/main/tools/linux-sandbox-pid1.cc:362: remount ro: /sys/firmware/efi/efivars
1656376445.437063280: src/main/tools/linux-sandbox-pid1.cc:362: remount ro: /sys/kernel/security
1656376445.437071920: src/main/tools/linux-sandbox-pid1.cc:362: remount ro: /sys/fs/cgroup
1656376445.437085900: src/main/tools/linux-sandbox-pid1.cc:362: remount ro: /sys/fs/pstore
1656376445.437093610: src/main/tools/linux-sandbox-pid1.cc:362: remount ro: /sys/fs/bpf
1656376445.437103090: src/main/tools/linux-sandbox-pid1.cc:362: remount ro: /sys/kernel/debug
1656376445.437110140: src/main/tools/linux-sandbox-pid1.cc:362: remount ro: /sys/kernel/debug/tracing
1656376445.437114430: src/main/tools/linux-sandbox-pid1.cc:382: remount(nullptr, /sys/kernel/debug/tracing, nullptr, 2101295, nullptr) failure (Permission denied) ignored
1656376445.437120110: src/main/tools/linux-sandbox-pid1.cc:362: remount ro: /sys/kernel/tracing
1656376445.437132610: src/main/tools/linux-sandbox-pid1.cc:362: remount ro: /sys/kernel/config
1656376445.437140730: src/main/tools/linux-sandbox-pid1.cc:362: remount ro: /sys/fs/fuse/connections
1656376445.437155740: src/main/tools/linux-sandbox-pid1.cc:362: remount ro: /proc
1656376445.437162110: src/main/tools/linux-sandbox-pid1.cc:362: remount ro: /proc/sys/fs/binfmt_misc
1656376445.437172130: src/main/tools/linux-sandbox-pid1.cc:382: remount(nullptr, /proc/sys/fs/binfmt_misc, nullptr, 2101281, nullptr) failure (Operation not permitted) ignored
1656376445.437212090: src/main/tools/linux-sandbox-pid1.cc:362: remount ro: /proc/sys/fs/binfmt_misc
1656376445.437226610: src/main/tools/linux-sandbox-pid1.cc:362: remount ro: /boot
1656376445.437235320: src/main/tools/linux-sandbox-pid1.cc:362: remount ro: /boot/efi
1656376445.437252250: src/main/tools/linux-sandbox-pid1.cc:362: remount ro: /var/google/session/loasd/tmpfs
1656376445.437267680: src/main/tools/linux-sandbox-pid1.cc:362: remount ro: /google/data
1656376445.437584650: src/main/tools/linux-sandbox-pid1.cc:362: remount ro: /auto
1656376445.437598630: src/main/tools/linux-sandbox-pid1.cc:362: remount ro: /home
1656376445.437606060: src/main/tools/linux-sandbox-pid1.cc:362: remount ro: /google/src
1656376445.437774200: src/main/tools/linux-sandbox-pid1.cc:362: remount ro: /google/bin
1656376445.437797660: src/main/tools/linux-sandbox-pid1.cc:362: remount ro: /google/obj
1656376445.438024620: src/main/tools/linux-sandbox-pid1.cc:362: remount rw: /tmp/envoy-compdb/_bazel_abeyad/b3914d36ee2d69a6c5998cfece95c54a/sandbox/linux-sandbox/3/execroot/envoy
1656376445.438033450: src/main/tools/linux-sandbox-pid1.cc:362: remount ro: /tmp/envoy-compdb/_bazel_abeyad/b3914d36ee2d69a6c5998cfece95c54a
1656376445.438039910: src/main/tools/linux-sandbox-pid1.cc:362: remount rw: /tmp/envoy-compdb/_bazel_abeyad/b3914d36ee2d69a6c5998cfece95c54a/sandbox/linux-sandbox/3/execroot/envoy
1656376445.438045450: src/main/tools/linux-sandbox-pid1.cc:362: remount rw: /tmp
1656376445.438050850: src/main/tools/linux-sandbox-pid1.cc:362: remount rw: /tmp/envoy-compdb/_bazel_abeyad/b3914d36ee2d69a6c5998cfece95c54a/sandbox/linux-sandbox/3/execroot/envoy
1656376445.438055900: src/main/tools/linux-sandbox-pid1.cc:362: remount ro: /tmp/envoy-compdb/_bazel_abeyad/b3914d36ee2d69a6c5998cfece95c54a
1656376445.438063230: src/main/tools/linux-sandbox-pid1.cc:362: remount rw: /tmp/envoy-compdb/_bazel_abeyad/b3914d36ee2d69a6c5998cfece95c54a/sandbox/linux-sandbox/3/execroot/envoy
1656376445.438068400: src/main/tools/linux-sandbox-pid1.cc:362: remount rw: /dev/shm
1656376445.438398640: src/main/tools/linux-sandbox-pid1.cc:451: calling fork...
1656376445.438578850: src/main/tools/linux-sandbox-pid1.cc:481: child started with PID 2
1656376465.146208353: src/main/tools/linux-sandbox-pid1.cc:498: wait returned pid=2, status=0x100
1656376465.146243303: src/main/tools/linux-sandbox-pid1.cc:516: child exited normally with code 1
1656376465.147336133: src/main/tools/linux-sandbox.cc:233: child exited normally with code 1
rules_foreign_cc: Build failed!
rules_foreign_cc: Keeping temp build directory and dependencies directory for debug.
rules_foreign_cc: Please note that the directories inside a sandbox are still cleaned unless you specify --sandbox_debug Bazel command line flag.
rules_foreign_cc: Printing build logs:
_____ BEGIN BUILD LOGS _____

Bazel external C/C++ Rules. Building library hyperscan

Environment:______________
BUILD_SCRIPT=bazel-out/k8-fastbuild/bin/contrib/hyperscan/matching/input_matchers/source/hyperscan_foreign_cc/build_script.sh
EXT_BUILD_ROOT=/tmp/envoy-compdb/_bazel_abeyad/b3914d36ee2d69a6c5998cfece95c54a/sandbox/linux-sandbox/3/execroot/envoy
BUILD_LOG=bazel-out/k8-fastbuild/bin/contrib/hyperscan/matching/input_matchers/source/hyperscan_foreign_cc/CMake.log
PWD=/tmp/envoy-compdb/_bazel_abeyad/b3914d36ee2d69a6c5998cfece95c54a/sandbox/linux-sandbox/3/execroot/envoy
LLVM_CONFIG=/usr/bin/llvm-config
CXX=clang++
CXXFLAGS=-Wno-error=unused-but-set-variable -Wno-error=bitwise-instead-of-logical
BUILD_WRAPPER_SCRIPT=bazel-out/k8-fastbuild/bin/contrib/hyperscan/matching/input_matchers/source/hyperscan_foreign_cc/wrapper_build_script.sh
BAZEL_LINKOPTS=-lm
TMPDIR=/tmp
EXT_BUILD_DEPS=/tmp/envoy-compdb/_bazel_abeyad/b3914d36ee2d69a6c5998cfece95c54a/sandbox/linux-sandbox/3/execroot/envoy/bazel-out/k8-fastbuild/bin/contrib/hyperscan/matching/input_matchers/source/hyperscan.ext_build_deps
BAZEL_LINKLIBS=-l%:libstdc++.a
BUILD_TMPDIR=/tmp/envoy-compdb/_bazel_abeyad/b3914d36ee2d69a6c5998cfece95c54a/sandbox/linux-sandbox/3/execroot/envoy/bazel-out/k8-fastbuild/bin/contrib/hyperscan/matching/input_matchers/source/hyperscan.build_tmpdir
SHLVL=2
INSTALLDIR=/tmp/envoy-compdb/_bazel_abeyad/b3914d36ee2d69a6c5998cfece95c54a/sandbox/linux-sandbox/3/execroot/envoy/bazel-out/k8-fastbuild/bin/contrib/hyperscan/matching/input_matchers/source/hyperscan
PATH=/tmp/envoy-compdb/_bazel_abeyad/b3914d36ee2d69a6c5998cfece95c54a/sandbox/linux-sandbox/3/execroot/envoy:/usr/lib/llvm-13/bin:/usr/local/google/home/abeyad/dev/depot_tools:/usr/local/bin:/usr/local/google/home/abeyad/dev/depot_tools:/usr/local/bin:/usr/local/google/home/abeyad/dev/depot_tools:/usr/local/bin:/usr/local/google/home/abeyad/dev/depot_tools:/usr/local/bin:/usr/local/google/home/abeyad/dev/depot_tools:/usr/local/bin:/usr/local/google/home/abeyad/dev/depot_tools:/usr/local/bin:/usr/local/google/home/abeyad/dev/depot_tools:/usr/local/bin:/usr/local/google/home/abeyad/dev/depot_tools:/usr/local/bin:/usr/lib/google-golang/bin:/usr/local/buildtools/java/jdk/bin:/usr/local/sbin:/usr/local/bin:/usr/sbin:/usr/bin:/sbin:/bin:/usr/local/google/home/abeyad/go/bin:/usr/local/google/home/abeyad/go/bin:/usr/local/google/home/abeyad/go/bin:/usr/local/google/home/abeyad/go/bin:/usr/local/google/home/abeyad/go/bin:/usr/local/google/home/abeyad/go/bin:/usr/local/google/home/abeyad/go/bin:/usr/local/google/home/abeyad/go/bin
BAZEL_COMPILER=clang
CC=clang
_=/usr/bin/env
__________________________
+ cmake -DCMAKE_AR=/usr/bin/ar '-DCMAKE_SHARED_LINKER_FLAGS=-shared -fuse-ld=/usr/lib/llvm-13/bin/ld.lld -Wl,-no-as-needed -Wl,-z,relro,-z,now -B/usr/lib/llvm-13/bin -lm -l:libstdc++.a -fuse-ld=lld -L/usr/lib/llvm-13/lib -Wl,-rpath,/usr/lib/llvm-13/lib' '-DCMAKE_EXE_LINKER_FLAGS=-fuse-ld=/usr/lib/llvm-13/bin/ld.lld -Wl,-no-as-needed -Wl,-z,relro,-z,now -B/usr/lib/llvm-13/bin -lm -l:libstdc++.a -fuse-ld=lld -L/usr/lib/llvm-13/lib -Wl,-rpath,/usr/lib/llvm-13/lib' -DBOOST_ROOT=/tmp/envoy-compdb/_bazel_abeyad/b3914d36ee2d69a6c5998cfece95c54a/sandbox/linux-sandbox/3/execroot/envoy/external/org_boost -DBUILD_AVX512=on -DBUILD_AVX512VBMI=on -DBUILD_EXAMPLES=off -DCMAKE_INSTALL_LIBDIR=lib -DRAGEL=/tmp/envoy-compdb/_bazel_abeyad/b3914d36ee2d69a6c5998cfece95c54a/sandbox/linux-sandbox/3/execroot/envoy/bazel-out/k8-fastbuild/bin/contrib/hyperscan/matching/input_matchers/source/hyperscan.ext_build_deps/ragel/bin/ragel -DCMAKE_BUILD_TYPE=Bazel -DCMAKE_INSTALL_PREFIX=/tmp/envoy-compdb/_bazel_abeyad/b3914d36ee2d69a6c5998cfece95c54a/sandbox/linux-sandbox/3/execroot/envoy/bazel-out/k8-fastbuild/bin/contrib/hyperscan/matching/input_matchers/source/hyperscan -DCMAKE_PREFIX_PATH=/tmp/envoy-compdb/_bazel_abeyad/b3914d36ee2d69a6c5998cfece95c54a/sandbox/linux-sandbox/3/execroot/envoy/bazel-out/k8-fastbuild/bin/contrib/hyperscan/matching/input_matchers/source/hyperscan.ext_build_deps -DCMAKE_RANLIB= -DCMAKE_MAKE_PROGRAM=ninja -G Ninja /tmp/envoy-compdb/_bazel_abeyad/b3914d36ee2d69a6c5998cfece95c54a/sandbox/linux-sandbox/3/execroot/envoy/external/io_hyperscan
CMake Deprecation Warning at CMakeLists.txt:1 (cmake_minimum_required):
  Compatibility with CMake < 2.8.12 will be removed from a future version of
  CMake.

  Update the VERSION argument <min> value or use a ...<max> suffix to tell
  CMake that the project does not need compatibility with older versions.


-- The C compiler identification is Clang 13.0.1
-- The CXX compiler identification is Clang 13.0.1
-- Detecting C compiler ABI info
-- Detecting C compiler ABI info - done
-- Check for working C compiler: /usr/lib/llvm-13/bin/clang - skipped
-- Detecting C compile features
-- Detecting C compile features - done
-- Detecting CXX compiler ABI info
-- Detecting CXX compiler ABI info - done
-- Check for working CXX compiler: /usr/lib/llvm-13/bin/clang - skipped
-- Detecting CXX compile features
-- Detecting CXX compile features - done
-- Performing Test ARCH_64_BIT
-- Performing Test ARCH_64_BIT - Success
-- Performing Test ARCH_32_BIT
-- Performing Test ARCH_32_BIT - Failed
-- Build type BAZEL
-- Boost version: 1.78.0
-- Found PythonInterp: /usr/bin/python (found version "3.9.12")
-- Build date: 2022-06-27
-- Building static libraries
-- Looking for include file unistd.h
-- Looking for include file unistd.h - found
-- Looking for include file intrin.h
-- Looking for include file intrin.h - not found
-- Looking for C++ include intrin.h
-- Looking for C++ include intrin.h - not found
-- Looking for include file x86intrin.h
-- Looking for include file x86intrin.h - found
-- Looking for C++ include x86intrin.h
-- Looking for C++ include x86intrin.h - found
-- Looking for posix_memalign
-- Looking for posix_memalign - found
-- Looking for _aligned_malloc
-- Looking for _aligned_malloc - not found
-- Performing Test HAS_C_HIDDEN
-- Performing Test HAS_C_HIDDEN - Success
-- Performing Test HAS_CXX_HIDDEN
-- Performing Test HAS_CXX_HIDDEN - Failed
-- Looking for _LIBCPP_VERSION
-- Looking for _LIBCPP_VERSION - not found
-- generator is Ninja
-- Performing Test HAS_C_ATTR_IFUNC
-- Performing Test HAS_C_ATTR_IFUNC - Success
-- Performing Test HAS_ARCH_SKYLAKE
-- Performing Test HAS_ARCH_SKYLAKE - Success
-- Performing Test HAS_ARCH_ICELAKE
-- Performing Test HAS_ARCH_ICELAKE - Success
-- Performing Test HAVE_SSSE3
-- Performing Test HAVE_SSSE3 - Success
-- Performing Test HAVE_AVX2
-- Performing Test HAVE_AVX2 - Success
-- Performing Test HAVE_AVX512
-- Performing Test HAVE_AVX512 - Failed
-- Performing Test HAVE_AVX512VBMI
-- Performing Test HAVE_AVX512VBMI - Failed
-- Building without AVX512 support
-- Building without AVX512VBMI support
-- Performing Test HAVE_CC_BUILTIN_ASSUME_ALIGNED
-- Performing Test HAVE_CC_BUILTIN_ASSUME_ALIGNED - Success
-- Performing Test HAVE_CXX_BUILTIN_ASSUME_ALIGNED
-- Performing Test HAVE_CXX_BUILTIN_ASSUME_ALIGNED - Success
-- Performing Test HAVE__BUILTIN_CONSTANT_P
-- Performing Test HAVE__BUILTIN_CONSTANT_P - Success
-- Performing Test C_FLAG_Wvla
-- Performing Test C_FLAG_Wvla - Success
-- Performing Test C_FLAG_Wpointer_arith
-- Performing Test C_FLAG_Wpointer_arith - Success
-- Performing Test C_FLAG_Wstrict_prototypes
-- Performing Test C_FLAG_Wstrict_prototypes - Success
-- Performing Test C_FLAG_Wmissing_prototypes
-- Performing Test C_FLAG_Wmissing_prototypes - Success
-- Performing Test CXX_FLAG_Wvla
-- Performing Test CXX_FLAG_Wvla - Failed
-- Performing Test CXX_FLAG_Wpointer_arith
-- Performing Test CXX_FLAG_Wpointer_arith - Failed
-- Performing Test CC_SELF_ASSIGN
-- Performing Test CC_SELF_ASSIGN - Success
-- Performing Test CXX_SELF_ASSIGN
-- Performing Test CXX_SELF_ASSIGN - Failed
-- Performing Test CC_PAREN_EQUALITY
-- Performing Test CC_PAREN_EQUALITY - Success
-- Performing Test CXX_UNUSED_CONST_VAR
-- Performing Test CXX_UNUSED_CONST_VAR - Failed
-- Performing Test CXX_IGNORED_ATTR
-- Performing Test CXX_IGNORED_ATTR - Failed
-- Performing Test CXX_REDUNDANT_MOVE
-- Performing Test CXX_REDUNDANT_MOVE - Failed
-- Performing Test CXX_WEAK_VTABLES
-- Performing Test CXX_WEAK_VTABLES - Failed
-- Performing Test CXX_MISSING_DECLARATIONS
-- Performing Test CXX_MISSING_DECLARATIONS - Failed
-- Performing Test CXX_UNUSED_LOCAL_TYPEDEFS
-- Performing Test CXX_UNUSED_LOCAL_TYPEDEFS - Failed
-- Performing Test CXX_WUNUSED_VARIABLE
-- Performing Test CXX_WUNUSED_VARIABLE - Failed
-- Performing Test CC_STRINGOP_OVERFLOW
-- Performing Test CC_STRINGOP_OVERFLOW - Failed
-- Building for current host CPU: -march=native -mtune=native
-- Looking for mmap
-- Looking for mmap - found
-- Doxygen not found, unable to generate API reference
-- Sphinx not found, unable to generate developer reference
-- Found PkgConfig: /usr/bin/pkg-config (found version "0.29.2")
-- Checking for module 'libpcre>=8.41'
--   Requested 'libpcre >= 8.41' but version of libpcre is 8.39
-- PCRE version 8.41 or above not found
-- PCRE 8.41 or above not found
-- Configuring done
CMake Warning (dev) at CMakeLists.txt:1181 (add_library):
  Policy CMP0115 is not set: Source file extensions must be explicit.  Run
  "cmake --help-policy CMP0115" for policy details.  Use the cmake_policy
  command to set the policy and suppress this warning.

  File:

    /tmp/envoy-compdb/_bazel_abeyad/b3914d36ee2d69a6c5998cfece95c54a/sandbox/linux-sandbox/3/execroot/envoy/external/io_hyperscan/src/hs_version.h.in
This warning is for project developers.  Use -Wno-dev to suppress it.

-- Generating done
-- Build files have been written to: /tmp/envoy-compdb/_bazel_abeyad/b3914d36ee2d69a6c5998cfece95c54a/sandbox/linux-sandbox/3/execroot/envoy/bazel-out/k8-fastbuild/bin/contrib/hyperscan/matching/input_matchers/source/hyperscan.build_tmpdir
+ cmake --build . --config Release
[1/248] Generating src/parser/control_verbs.cpp
[2/248] Generating ExpressionParser.cpp
[3/248] Building CXX object util/CMakeFiles/corpusomatic.dir/ng_corpus_properties.cpp.o
FAILED: util/CMakeFiles/corpusomatic.dir/ng_corpus_properties.cpp.o
/usr/lib/llvm-13/bin/clang  -I/tmp/envoy-compdb/_bazel_abeyad/b3914d36ee2d69a6c5998cfece95c54a/sandbox/linux-sandbox/3/execroot/envoy/bazel-out/k8-fastbuild/bin/contrib/hyperscan/matching/input_matchers/source/hyperscan.build_tmpdir/util -I/tmp/envoy-compdb/_bazel_abeyad/b3914d36ee2d69a6c5998cfece95c54a/sandbox/linux-sandbox/3/execroot/envoy/external/io_hyperscan/util -I/tmp/envoy-compdb/_bazel_abeyad/b3914d36ee2d69a6c5998cfece95c54a/sandbox/linux-sandbox/3/execroot/envoy/external/io_hyperscan/src -I/tmp/envoy-compdb/_bazel_abeyad/b3914d36ee2d69a6c5998cfece95c54a/sandbox/linux-sandbox/3/execroot/envoy/bazel-out/k8-fastbuild/bin/contrib/hyperscan/matching/input_matchers/source/hyperscan.build_tmpdir -I/tmp/envoy-compdb/_bazel_abeyad/b3914d36ee2d69a6c5998cfece95c54a/sandbox/linux-sandbox/3/execroot/envoy/external/io_hyperscan -isystem /tmp/envoy-compdb/_bazel_abeyad/b3914d36ee2d69a6c5998cfece95c54a/sandbox/linux-sandbox/3/execroot/envoy/external/io_hyperscan/include -isystem /tmp/envoy-compdb/_bazel_abeyad/b3914d36ee2d69a6c5998cfece95c54a/sandbox/linux-sandbox/3/execroot/envoy/external/org_boost -U_FORTIFY_SOURCE -fstack-protector -Wall -Wthread-safety -Wself-assign -Wunused-but-set-parameter -Wno-free-nonheap-object -fcolor-diagnostics -fno-omit-frame-pointer -std=c++0x -no-canonical-prefixes -Wno-builtin-macro-redefined -D__DATE__=\"redacted\" -D__TIMESTAMP__=\"redacted\" -D__TIME__=\"redacted\" -DABSL_MIN_LOG_LEVEL=4 -fPIC -Wno-deprecated-declarations -std=c++17 -Wno-error=unused-but-set-variable -Wno-error=bitwise-instead-of-logical -march=native -mtune=native -O2 -std=c++11 -Wall -Wextra -Wshadow -Wswitch -Wreturn-type -Wcast-qual -Wno-deprecated -Wnon-virtual-dtor -fno-strict-aliasing -Werror -fno-omit-frame-pointer -MD -MT util/CMakeFiles/corpusomatic.dir/ng_corpus_properties.cpp.o -MF util/CMakeFiles/corpusomatic.dir/ng_corpus_properties.cpp.o.d -o util/CMakeFiles/corpusomatic.dir/ng_corpus_properties.cpp.o -c /tmp/envoy-compdb/_bazel_abeyad/b3914d36ee2d69a6c5998cfece95c54a/sandbox/linux-sandbox/3/execroot/envoy/external/io_hyperscan/util/ng_corpus_properties.cpp
error: unknown warning option '-Werror=bitwise-instead-of-logical' [-Werror,-Wunknown-warning-option]
[4/248] Building CXX object util/CMakeFiles/corpusomatic.dir/ng_corpus_generator.cpp.o
FAILED: util/CMakeFiles/corpusomatic.dir/ng_corpus_generator.cpp.o
/usr/lib/llvm-13/bin/clang  -I/tmp/envoy-compdb/_bazel_abeyad/b3914d36ee2d69a6c5998cfece95c54a/sandbox/linux-sandbox/3/execroot/envoy/bazel-out/k8-fastbuild/bin/contrib/hyperscan/matching/input_matchers/source/hyperscan.build_tmpdir/util -I/tmp/envoy-compdb/_bazel_abeyad/b3914d36ee2d69a6c5998cfece95c54a/sandbox/linux-sandbox/3/execroot/envoy/external/io_hyperscan/util -I/tmp/envoy-compdb/_bazel_abeyad/b3914d36ee2d69a6c5998cfece95c54a/sandbox/linux-sandbox/3/execroot/envoy/external/io_hyperscan/src -I/tmp/envoy-compdb/_bazel_abeyad/b3914d36ee2d69a6c5998cfece95c54a/sandbox/linux-sandbox/3/execroot/envoy/bazel-out/k8-fastbuild/bin/contrib/hyperscan/matching/input_matchers/source/hyperscan.build_tmpdir -I/tmp/envoy-compdb/_bazel_abeyad/b3914d36ee2d69a6c5998cfece95c54a/sandbox/linux-sandbox/3/execroot/envoy/external/io_hyperscan -isystem /tmp/envoy-compdb/_bazel_abeyad/b3914d36ee2d69a6c5998cfece95c54a/sandbox/linux-sandbox/3/execroot/envoy/external/io_hyperscan/include -isystem /tmp/envoy-compdb/_bazel_abeyad/b3914d36ee2d69a6c5998cfece95c54a/sandbox/linux-sandbox/3/execroot/envoy/external/org_boost -U_FORTIFY_SOURCE -fstack-protector -Wall -Wthread-safety -Wself-assign -Wunused-but-set-parameter -Wno-free-nonheap-object -fcolor-diagnostics -fno-omit-frame-pointer -std=c++0x -no-canonical-prefixes -Wno-builtin-macro-redefined -D__DATE__=\"redacted\" -D__TIMESTAMP__=\"redacted\" -D__TIME__=\"redacted\" -DABSL_MIN_LOG_LEVEL=4 -fPIC -Wno-deprecated-declarations -std=c++17 -Wno-error=unused-but-set-variable -Wno-error=bitwise-instead-of-logical -march=native -mtune=native -O2 -std=c++11 -Wall -Wextra -Wshadow -Wswitch -Wreturn-type -Wcast-qual -Wno-deprecated -Wnon-virtual-dtor -fno-strict-aliasing -Werror -fno-omit-frame-pointer -MD -MT util/CMakeFiles/corpusomatic.dir/ng_corpus_generator.cpp.o -MF util/CMakeFiles/corpusomatic.dir/ng_corpus_generator.cpp.o.d -o util/CMakeFiles/corpusomatic.dir/ng_corpus_generator.cpp.o -c /tmp/envoy-compdb/_bazel_abeyad/b3914d36ee2d69a6c5998cfece95c54a/sandbox/linux-sandbox/3/execroot/envoy/external/io_hyperscan/util/ng_corpus_generator.cpp
error: unknown warning option '-Werror=bitwise-instead-of-logical' [-Werror,-Wunknown-warning-option]
[5/248] Building CXX object util/CMakeFiles/corpusomatic.dir/ng_corpus_editor.cpp.o
FAILED: util/CMakeFiles/corpusomatic.dir/ng_corpus_editor.cpp.o
/usr/lib/llvm-13/bin/clang  -I/tmp/envoy-compdb/_bazel_abeyad/b3914d36ee2d69a6c5998cfece95c54a/sandbox/linux-sandbox/3/execroot/envoy/bazel-out/k8-fastbuild/bin/contrib/hyperscan/matching/input_matchers/source/hyperscan.build_tmpdir/util -I/tmp/envoy-compdb/_bazel_abeyad/b3914d36ee2d69a6c5998cfece95c54a/sandbox/linux-sandbox/3/execroot/envoy/external/io_hyperscan/util -I/tmp/envoy-compdb/_bazel_abeyad/b3914d36ee2d69a6c5998cfece95c54a/sandbox/linux-sandbox/3/execroot/envoy/external/io_hyperscan/src -I/tmp/envoy-compdb/_bazel_abeyad/b3914d36ee2d69a6c5998cfece95c54a/sandbox/linux-sandbox/3/execroot/envoy/bazel-out/k8-fastbuild/bin/contrib/hyperscan/matching/input_matchers/source/hyperscan.build_tmpdir -I/tmp/envoy-compdb/_bazel_abeyad/b3914d36ee2d69a6c5998cfece95c54a/sandbox/linux-sandbox/3/execroot/envoy/external/io_hyperscan -isystem /tmp/envoy-compdb/_bazel_abeyad/b3914d36ee2d69a6c5998cfece95c54a/sandbox/linux-sandbox/3/execroot/envoy/external/io_hyperscan/include -isystem /tmp/envoy-compdb/_bazel_abeyad/b3914d36ee2d69a6c5998cfece95c54a/sandbox/linux-sandbox/3/execroot/envoy/external/org_boost -U_FORTIFY_SOURCE -fstack-protector -Wall -Wthread-safety -Wself-assign -Wunused-but-set-parameter -Wno-free-nonheap-object -fcolor-diagnostics -fno-omit-frame-pointer -std=c++0x -no-canonical-prefixes -Wno-builtin-macro-redefined -D__DATE__=\"redacted\" -D__TIMESTAMP__=\"redacted\" -D__TIME__=\"redacted\" -DABSL_MIN_LOG_LEVEL=4 -fPIC -Wno-deprecated-declarations -std=c++17 -Wno-error=unused-but-set-variable -Wno-error=bitwise-instead-of-logical -march=native -mtune=native -O2 -std=c++11 -Wall -Wextra -Wshadow -Wswitch -Wreturn-type -Wcast-qual -Wno-deprecated -Wnon-virtual-dtor -fno-strict-aliasing -Werror -fno-omit-frame-pointer -MD -MT util/CMakeFiles/corpusomatic.dir/ng_corpus_editor.cpp.o -MF util/CMakeFiles/corpusomatic.dir/ng_corpus_editor.cpp.o.d -o util/CMakeFiles/corpusomatic.dir/ng_corpus_editor.cpp.o -c /tmp/envoy-compdb/_bazel_abeyad/b3914d36ee2d69a6c5998cfece95c54a/sandbox/linux-sandbox/3/execroot/envoy/external/io_hyperscan/util/ng_corpus_editor.cpp
error: unknown warning option '-Werror=bitwise-instead-of-logical' [-Werror,-Wunknown-warning-option]
[6/248] Building CXX object util/CMakeFiles/databaseutil.dir/database_util.cpp.o
FAILED: util/CMakeFiles/databaseutil.dir/database_util.cpp.o
/usr/lib/llvm-13/bin/clang  -I/tmp/envoy-compdb/_bazel_abeyad/b3914d36ee2d69a6c5998cfece95c54a/sandbox/linux-sandbox/3/execroot/envoy/bazel-out/k8-fastbuild/bin/contrib/hyperscan/matching/input_matchers/source/hyperscan.build_tmpdir/util -I/tmp/envoy-compdb/_bazel_abeyad/b3914d36ee2d69a6c5998cfece95c54a/sandbox/linux-sandbox/3/execroot/envoy/external/io_hyperscan/util -I/tmp/envoy-compdb/_bazel_abeyad/b3914d36ee2d69a6c5998cfece95c54a/sandbox/linux-sandbox/3/execroot/envoy/external/io_hyperscan/src -I/tmp/envoy-compdb/_bazel_abeyad/b3914d36ee2d69a6c5998cfece95c54a/sandbox/linux-sandbox/3/execroot/envoy/bazel-out/k8-fastbuild/bin/contrib/hyperscan/matching/input_matchers/source/hyperscan.build_tmpdir -I/tmp/envoy-compdb/_bazel_abeyad/b3914d36ee2d69a6c5998cfece95c54a/sandbox/linux-sandbox/3/execroot/envoy/external/io_hyperscan -isystem /tmp/envoy-compdb/_bazel_abeyad/b3914d36ee2d69a6c5998cfece95c54a/sandbox/linux-sandbox/3/execroot/envoy/external/io_hyperscan/include -isystem /tmp/envoy-compdb/_bazel_abeyad/b3914d36ee2d69a6c5998cfece95c54a/sandbox/linux-sandbox/3/execroot/envoy/external/org_boost -U_FORTIFY_SOURCE -fstack-protector -Wall -Wthread-safety -Wself-assign -Wunused-but-set-parameter -Wno-free-nonheap-object -fcolor-diagnostics -fno-omit-frame-pointer -std=c++0x -no-canonical-prefixes -Wno-builtin-macro-redefined -D__DATE__=\"redacted\" -D__TIMESTAMP__=\"redacted\" -D__TIME__=\"redacted\" -DABSL_MIN_LOG_LEVEL=4 -fPIC -Wno-deprecated-declarations -std=c++17 -Wno-error=unused-but-set-variable -Wno-error=bitwise-instead-of-logical -march=native -mtune=native -O2 -std=c++11 -Wall -Wextra -Wshadow -Wswitch -Wreturn-type -Wcast-qual -Wno-deprecated -Wnon-virtual-dtor -fno-strict-aliasing -Werror -fno-omit-frame-pointer -MD -MT util/CMakeFiles/databaseutil.dir/database_util.cpp.o -MF util/CMakeFiles/databaseutil.dir/database_util.cpp.o.d -o util/CMakeFiles/databaseutil.dir/database_util.cpp.o -c /tmp/envoy-compdb/_bazel_abeyad/b3914d36ee2d69a6c5998cfece95c54a/sandbox/linux-sandbox/3/execroot/envoy/external/io_hyperscan/util/database_util.cpp
error: unknown warning option '-Werror=bitwise-instead-of-logical' [-Werror,-Wunknown-warning-option]
[7/248] Building CXX object util/CMakeFiles/corpusomatic.dir/ng_find_matches.cpp.o
FAILED: util/CMakeFiles/corpusomatic.dir/ng_find_matches.cpp.o
/usr/lib/llvm-13/bin/clang  -I/tmp/envoy-compdb/_bazel_abeyad/b3914d36ee2d69a6c5998cfece95c54a/sandbox/linux-sandbox/3/execroot/envoy/bazel-out/k8-fastbuild/bin/contrib/hyperscan/matching/input_matchers/source/hyperscan.build_tmpdir/util -I/tmp/envoy-compdb/_bazel_abeyad/b3914d36ee2d69a6c5998cfece95c54a/sandbox/linux-sandbox/3/execroot/envoy/external/io_hyperscan/util -I/tmp/envoy-compdb/_bazel_abeyad/b3914d36ee2d69a6c5998cfece95c54a/sandbox/linux-sandbox/3/execroot/envoy/external/io_hyperscan/src -I/tmp/envoy-compdb/_bazel_abeyad/b3914d36ee2d69a6c5998cfece95c54a/sandbox/linux-sandbox/3/execroot/envoy/bazel-out/k8-fastbuild/bin/contrib/hyperscan/matching/input_matchers/source/hyperscan.build_tmpdir -I/tmp/envoy-compdb/_bazel_abeyad/b3914d36ee2d69a6c5998cfece95c54a/sandbox/linux-sandbox/3/execroot/envoy/external/io_hyperscan -isystem /tmp/envoy-compdb/_bazel_abeyad/b3914d36ee2d69a6c5998cfece95c54a/sandbox/linux-sandbox/3/execroot/envoy/external/io_hyperscan/include -isystem /tmp/envoy-compdb/_bazel_abeyad/b3914d36ee2d69a6c5998cfece95c54a/sandbox/linux-sandbox/3/execroot/envoy/external/org_boost -U_FORTIFY_SOURCE -fstack-protector -Wall -Wthread-safety -Wself-assign -Wunused-but-set-parameter -Wno-free-nonheap-object -fcolor-diagnostics -fno-omit-frame-pointer -std=c++0x -no-canonical-prefixes -Wno-builtin-macro-redefined -D__DATE__=\"redacted\" -D__TIMESTAMP__=\"redacted\" -D__TIME__=\"redacted\" -DABSL_MIN_LOG_LEVEL=4 -fPIC -Wno-deprecated-declarations -std=c++17 -Wno-error=unused-but-set-variable -Wno-error=bitwise-instead-of-logical -march=native -mtune=native -O2 -std=c++11 -Wall -Wextra -Wshadow -Wswitch -Wreturn-type -Wcast-qual -Wno-deprecated -Wnon-virtual-dtor -fno-strict-aliasing -Werror -fno-omit-frame-pointer -MD -MT util/CMakeFiles/corpusomatic.dir/ng_find_matches.cpp.o -MF util/CMakeFiles/corpusomatic.dir/ng_find_matches.cpp.o.d -o util/CMakeFiles/corpusomatic.dir/ng_find_matches.cpp.o -c /tmp/envoy-compdb/_bazel_abeyad/b3914d36ee2d69a6c5998cfece95c54a/sandbox/linux-sandbox/3/execroot/envoy/external/io_hyperscan/util/ng_find_matches.cpp
error: unknown warning option '-Werror=bitwise-instead-of-logical' [-Werror,-Wunknown-warning-option]
[8/248] Building CXX object util/CMakeFiles/crosscompileutil.dir/cross_compile.cpp.o
FAILED: util/CMakeFiles/crosscompileutil.dir/cross_compile.cpp.o
/usr/lib/llvm-13/bin/clang  -I/tmp/envoy-compdb/_bazel_abeyad/b3914d36ee2d69a6c5998cfece95c54a/sandbox/linux-sandbox/3/execroot/envoy/bazel-out/k8-fastbuild/bin/contrib/hyperscan/matching/input_matchers/source/hyperscan.build_tmpdir/util -I/tmp/envoy-compdb/_bazel_abeyad/b3914d36ee2d69a6c5998cfece95c54a/sandbox/linux-sandbox/3/execroot/envoy/external/io_hyperscan/util -I/tmp/envoy-compdb/_bazel_abeyad/b3914d36ee2d69a6c5998cfece95c54a/sandbox/linux-sandbox/3/execroot/envoy/external/io_hyperscan/src -I/tmp/envoy-compdb/_bazel_abeyad/b3914d36ee2d69a6c5998cfece95c54a/sandbox/linux-sandbox/3/execroot/envoy/bazel-out/k8-fastbuild/bin/contrib/hyperscan/matching/input_matchers/source/hyperscan.build_tmpdir -I/tmp/envoy-compdb/_bazel_abeyad/b3914d36ee2d69a6c5998cfece95c54a/sandbox/linux-sandbox/3/execroot/envoy/external/io_hyperscan -isystem /tmp/envoy-compdb/_bazel_abeyad/b3914d36ee2d69a6c5998cfece95c54a/sandbox/linux-sandbox/3/execroot/envoy/external/io_hyperscan/include -isystem /tmp/envoy-compdb/_bazel_abeyad/b3914d36ee2d69a6c5998cfece95c54a/sandbox/linux-sandbox/3/execroot/envoy/external/org_boost -U_FORTIFY_SOURCE -fstack-protector -Wall -Wthread-safety -Wself-assign -Wunused-but-set-parameter -Wno-free-nonheap-object -fcolor-diagnostics -fno-omit-frame-pointer -std=c++0x -no-canonical-prefixes -Wno-builtin-macro-redefined -D__DATE__=\"redacted\" -D__TIMESTAMP__=\"redacted\" -D__TIME__=\"redacted\" -DABSL_MIN_LOG_LEVEL=4 -fPIC -Wno-deprecated-declarations -std=c++17 -Wno-error=unused-but-set-variable -Wno-error=bitwise-instead-of-logical -march=native -mtune=native -O2 -std=c++11 -Wall -Wextra -Wshadow -Wswitch -Wreturn-type -Wcast-qual -Wno-deprecated -Wnon-virtual-dtor -fno-strict-aliasing -Werror -fno-omit-frame-pointer -MD -MT util/CMakeFiles/crosscompileutil.dir/cross_compile.cpp.o -MF util/CMakeFiles/crosscompileutil.dir/cross_compile.cpp.o.d -o util/CMakeFiles/crosscompileutil.dir/cross_compile.cpp.o -c /tmp/envoy-compdb/_bazel_abeyad/b3914d36ee2d69a6c5998cfece95c54a/sandbox/linux-sandbox/3/execroot/envoy/external/io_hyperscan/util/cross_compile.cpp
error: unknown warning option '-Werror=bitwise-instead-of-logical' [-Werror,-Wunknown-warning-option]
[9/248] Building CXX object util/CMakeFiles/expressionutil.dir/expressions.cpp.o
FAILED: util/CMakeFiles/expressionutil.dir/expressions.cpp.o
/usr/lib/llvm-13/bin/clang  -I/tmp/envoy-compdb/_bazel_abeyad/b3914d36ee2d69a6c5998cfece95c54a/sandbox/linux-sandbox/3/execroot/envoy/bazel-out/k8-fastbuild/bin/contrib/hyperscan/matching/input_matchers/source/hyperscan.build_tmpdir/util -I/tmp/envoy-compdb/_bazel_abeyad/b3914d36ee2d69a6c5998cfece95c54a/sandbox/linux-sandbox/3/execroot/envoy/external/io_hyperscan/util -I/tmp/envoy-compdb/_bazel_abeyad/b3914d36ee2d69a6c5998cfece95c54a/sandbox/linux-sandbox/3/execroot/envoy/external/io_hyperscan/src -I/tmp/envoy-compdb/_bazel_abeyad/b3914d36ee2d69a6c5998cfece95c54a/sandbox/linux-sandbox/3/execroot/envoy/bazel-out/k8-fastbuild/bin/contrib/hyperscan/matching/input_matchers/source/hyperscan.build_tmpdir -I/tmp/envoy-compdb/_bazel_abeyad/b3914d36ee2d69a6c5998cfece95c54a/sandbox/linux-sandbox/3/execroot/envoy/external/io_hyperscan -isystem /tmp/envoy-compdb/_bazel_abeyad/b3914d36ee2d69a6c5998cfece95c54a/sandbox/linux-sandbox/3/execroot/envoy/external/io_hyperscan/include -isystem /tmp/envoy-compdb/_bazel_abeyad/b3914d36ee2d69a6c5998cfece95c54a/sandbox/linux-sandbox/3/execroot/envoy/external/org_boost -U_FORTIFY_SOURCE -fstack-protector -Wall -Wthread-safety -Wself-assign -Wunused-but-set-parameter -Wno-free-nonheap-object -fcolor-diagnostics -fno-omit-frame-pointer -std=c++0x -no-canonical-prefixes -Wno-builtin-macro-redefined -D__DATE__=\"redacted\" -D__TIMESTAMP__=\"redacted\" -D__TIME__=\"redacted\" -DABSL_MIN_LOG_LEVEL=4 -fPIC -Wno-deprecated-declarations -std=c++17 -Wno-error=unused-but-set-variable -Wno-error=bitwise-instead-of-logical -march=native -mtune=native -O2 -std=c++11 -Wall -Wextra -Wshadow -Wswitch -Wreturn-type -Wcast-qual -Wno-deprecated -Wnon-virtual-dtor -fno-strict-aliasing -Werror -fno-omit-frame-pointer -MD -MT util/CMakeFiles/expressionutil.dir/expressions.cpp.o -MF util/CMakeFiles/expressionutil.dir/expressions.cpp.o.d -o util/CMakeFiles/expressionutil.dir/expressions.cpp.o -c /tmp/envoy-compdb/_bazel_abeyad/b3914d36ee2d69a6c5998cfece95c54a/sandbox/linux-sandbox/3/execroot/envoy/external/io_hyperscan/util/expressions.cpp
error: unknown warning option '-Werror=bitwise-instead-of-logical' [-Werror,-Wunknown-warning-option]
[10/248] Building CXX object util/CMakeFiles/expressionutil.dir/ExpressionParser.cpp.o
FAILED: util/CMakeFiles/expressionutil.dir/ExpressionParser.cpp.o
/usr/lib/llvm-13/bin/clang  -I/tmp/envoy-compdb/_bazel_abeyad/b3914d36ee2d69a6c5998cfece95c54a/sandbox/linux-sandbox/3/execroot/envoy/bazel-out/k8-fastbuild/bin/contrib/hyperscan/matching/input_matchers/source/hyperscan.build_tmpdir/util -I/tmp/envoy-compdb/_bazel_abeyad/b3914d36ee2d69a6c5998cfece95c54a/sandbox/linux-sandbox/3/execroot/envoy/external/io_hyperscan/util -I/tmp/envoy-compdb/_bazel_abeyad/b3914d36ee2d69a6c5998cfece95c54a/sandbox/linux-sandbox/3/execroot/envoy/external/io_hyperscan/src -I/tmp/envoy-compdb/_bazel_abeyad/b3914d36ee2d69a6c5998cfece95c54a/sandbox/linux-sandbox/3/execroot/envoy/bazel-out/k8-fastbuild/bin/contrib/hyperscan/matching/input_matchers/source/hyperscan.build_tmpdir -I/tmp/envoy-compdb/_bazel_abeyad/b3914d36ee2d69a6c5998cfece95c54a/sandbox/linux-sandbox/3/execroot/envoy/external/io_hyperscan -isystem /tmp/envoy-compdb/_bazel_abeyad/b3914d36ee2d69a6c5998cfece95c54a/sandbox/linux-sandbox/3/execroot/envoy/external/io_hyperscan/include -isystem /tmp/envoy-compdb/_bazel_abeyad/b3914d36ee2d69a6c5998cfece95c54a/sandbox/linux-sandbox/3/execroot/envoy/external/org_boost -U_FORTIFY_SOURCE -fstack-protector -Wall -Wthread-safety -Wself-assign -Wunused-but-set-parameter -Wno-free-nonheap-object -fcolor-diagnostics -fno-omit-frame-pointer -std=c++0x -no-canonical-prefixes -Wno-builtin-macro-redefined -D__DATE__=\"redacted\" -D__TIMESTAMP__=\"redacted\" -D__TIME__=\"redacted\" -DABSL_MIN_LOG_LEVEL=4 -fPIC -Wno-deprecated-declarations -std=c++17 -Wno-error=unused-but-set-variable -Wno-error=bitwise-instead-of-logical -march=native -mtune=native -O2 -std=c++11 -Wall -Wextra -Wshadow -Wswitch -Wreturn-type -Wcast-qual -Wno-deprecated -Wnon-virtual-dtor -fno-strict-aliasing -Werror -fno-omit-frame-pointer -MD -MT util/CMakeFiles/expressionutil.dir/ExpressionParser.cpp.o -MF util/CMakeFiles/expressionutil.dir/ExpressionParser.cpp.o.d -o util/CMakeFiles/expressionutil.dir/ExpressionParser.cpp.o -c /tmp/envoy-compdb/_bazel_abeyad/b3914d36ee2d69a6c5998cfece95c54a/sandbox/linux-sandbox/3/execroot/envoy/bazel-out/k8-fastbuild/bin/contrib/hyperscan/matching/input_matchers/source/hyperscan.build_tmpdir/util/ExpressionParser.cpp
error: unknown warning option '-Werror=bitwise-instead-of-logical' [-Werror,-Wunknown-warning-option]
[11/248] Generating src/parser/Parser.cpp
[12/248] Building C object CMakeFiles/hs_exec.dir/src/nfa/mcsheng_data.c.o
[13/248] Building C object CMakeFiles/hs_exec.dir/src/crc32.c.o
[14/248] Building C object CMakeFiles/hs_runtime.dir/src/hs_version.c.o
[15/248] Building C object CMakeFiles/hs_runtime.dir/src/hs_valid_platform.c.o
[16/248] Building C object CMakeFiles/hs_exec.dir/src/alloc.c.o
[17/248] Building C object CMakeFiles/hs_exec.dir/src/util/cpuid_flags.c.o
[18/248] Building C object CMakeFiles/hs_exec.dir/src/util/masked_move.c.o
[19/248] Building C object CMakeFiles/hs_exec.dir/src/util/multibit.c.o
[20/248] Building C object CMakeFiles/hs_exec.dir/src/util/simd_utils.c.o
[21/248] Building C object CMakeFiles/hs_exec.dir/src/nfa/limex_accel.c.o
[22/248] Building C object CMakeFiles/hs_exec.dir/src/database.c.o
[23/248] Building C object CMakeFiles/hs_exec.dir/src/scratch.c.o
[24/248] Building C object CMakeFiles/hs_exec.dir/src/nfa/shufti.c.o
[25/248] Building C object CMakeFiles/hs_exec.dir/src/nfa/truffle.c.o
[26/248] Building C object CMakeFiles/hs_exec.dir/src/nfa/accel.c.o
[27/248] Building C object CMakeFiles/hs_exec.dir/src/rose/init.c.o
[28/248] Building C object CMakeFiles/hs_exec.dir/src/nfa/tamarama.c.o
[29/248] Building C object CMakeFiles/hs_exec.dir/src/nfa/nfa_api_dispatch.c.o
[30/248] Building C object CMakeFiles/hs_exec.dir/src/hwlm/hwlm.c.o
[31/248] Building C object CMakeFiles/hs_exec.dir/src/util/state_compress.c.o
[32/248] Building C object CMakeFiles/hs_exec.dir/src/som/som_stream.c.o
[33/248] Building C object CMakeFiles/hs_exec.dir/src/nfa/gough.c.o
[34/248] Building C object CMakeFiles/hs_exec.dir/src/fdr/fdr.c.o
[35/248] Building C object CMakeFiles/hs_exec.dir/src/hwlm/noodle_engine.c.o
[36/248] Building C object CMakeFiles/hs_exec.dir/src/nfa/sheng.c.o
[37/248] Building C object CMakeFiles/hs_exec.dir/src/runtime.c.o
[38/248] Building C object CMakeFiles/hs_exec.dir/src/nfa/limex_native.c.o
[39/248] Building C object CMakeFiles/hs_exec.dir/src/rose/block.c.o
[40/248] Building C object CMakeFiles/hs_exec.dir/src/nfa/limex_64.c.o
[41/248] Building C object CMakeFiles/hs_exec.dir/src/nfa/mcsheng.c.o
[42/248] Building C object CMakeFiles/hs_exec.dir/src/nfa/limex_simd128.c.o
[43/248] Building C object CMakeFiles/hs_exec.dir/src/nfa/limex_simd256.c.o
[44/248] Building C object CMakeFiles/hs_exec.dir/src/rose/match.c.o
[45/248] Building C object CMakeFiles/hs_exec.dir/src/som/som_runtime.c.o
[46/248] Building C object CMakeFiles/hs_exec.dir/src/nfa/limex_simd384.c.o
[47/248] Building C object CMakeFiles/hs_exec.dir/src/nfa/mcclellan.c.o
[48/248] Building C object CMakeFiles/hs_exec.dir/src/nfa/limex_simd512.c.o
[49/248] Building C object CMakeFiles/hs_exec.dir/src/stream_compress.c.o
[50/248] Building C object CMakeFiles/hs_exec.dir/src/nfa/lbr.c.o
[51/248] Building C object CMakeFiles/hs_exec.dir/src/nfa/repeat.c.o
[52/248] Building C object CMakeFiles/hs_exec.dir/src/rose/stream.c.o
[53/248] Building C object CMakeFiles/hs_exec.dir/src/rose/catchup.c.o
[54/248] Building C object CMakeFiles/hs_exec.dir/src/nfa/mpv.c.o
[55/248] Building C object CMakeFiles/hs_exec.dir/src/fdr/teddy.c.o
[56/248] Building C object CMakeFiles/hs_exec.dir/src/fdr/teddy_avx2.c.o
[57/248] Building C object CMakeFiles/hs_exec.dir/src/nfa/castle.c.o
[58/248] Building C object CMakeFiles/hs_exec.dir/src/rose/program_runtime.c.o
ninja: build stopped: subcommand failed.
_____ END BUILD LOGS _____
rules_foreign_cc: Build wrapper script location: bazel-out/k8-fastbuild/bin/contrib/hyperscan/matching/input_matchers/source/hyperscan_foreign_cc/wrapper_build_script.sh
rules_foreign_cc: Build script location: bazel-out/k8-fastbuild/bin/contrib/hyperscan/matching/input_matchers/source/hyperscan_foreign_cc/build_script.sh
rules_foreign_cc: Build log location: bazel-out/k8-fastbuild/bin/contrib/hyperscan/matching/input_matchers/source/hyperscan_foreign_cc/CMake.log

INFO: Elapsed time: 37.707s, Critical Path: 22.83s
INFO: 4 processes: 4 internal.
FAILED: Build did NOT complete successfully
Traceback (most recent call last):
  File "/usr/local/google/home/abeyad/dev/envoy/tools/gen_compilation_database.py", line 126, in <module>
    fix_compilation_database(args, generate_compilation_database(args))
  File "/usr/local/google/home/abeyad/dev/envoy/tools/gen_compilation_database.py", line 21, in generate_compilation_database
    subprocess.check_call([args.bazel, "build"] + bazel_options + [
  File "/usr/lib/python3.9/subprocess.py", line 373, in check_call
    raise CalledProcessError(retcode, cmd)
subprocess.CalledProcessError: Command '['bazelisk', 'build', '--config=compdb', '--remote_download_outputs=all', '--sandbox_debug', '--aspects=@bazel_compdb//:aspects.bzl%compilation_database_aspect', '--output_groups=compdb_files,header_files', '//source/...', '//test/...', '//tools/...', '//contrib/...']' returned non-zero exit status 1.
